GPU available: True, used: True
TPU available: False, using: 0 TPU cores
IPU available: False, using: 0 IPUs
HPU available: False, using: 0 HPUs
<class 'monai.transforms.utility.array.AddChannel'>: Class `AddChannel` has been deprecated since version 0.8. please use MetaTensor data type and monai.transforms.EnsureChannelFirst instead.
Loading dataset: 100%|████████████████████████████████████████████████████████████████████████████| 4/4 [00:04<00:00,  1.23s/it]
Loading dataset: 100%|████████████████████████████████████████████████████████████████████████████| 4/4 [00:09<00:00,  2.28s/it]
Global seed set to 42
Initializing distributed: GLOBAL_RANK: 0, MEMBER: 1/1
----------------------------------------------------------------------------------------------------
distributed_backend=nccl
All distributed processes registered. Starting with 1 processes
----------------------------------------------------------------------------------------------------
2023-03-31 11:07:39,819 - Added key: store_based_barrier_key:1 to store for rank: 0
Checkpoint directory /home/GRAMES.POLYMTL.CA/lobouz/contrast_agnostic/models_unetr exists and is not empty.
LOCAL_RANK: 0 - CUDA_VISIBLE_DEVICES: [0,1,2,3]
  | Name          | Type     | Params
-------------------------------------------
0 | net           | UNETR    | 73.8 M
1 | loss_function | DiceLoss | 0
-------------------------------------------
73.8 M    Trainable params
0         Non-trainable params
73.8 M    Total params
295.318   Total estimated model params size (MB)
single channel prediction, `softmax=True` ignored.
single channel prediction, `to_onehot_y=True` ignored.
single channel prediction, `include_background=False` ignored.
Traceback (most recent call last):
  File "/home/GRAMES.POLYMTL.CA/lobouz/miniconda3/envs/monai-unetr/lib/python3.8/site-packages/pytorch_lightning/trainer/trainer.py", line 721, in _call_and_handle_interrupt
    return self.strategy.launcher.launch(trainer_fn, *args, trainer=self, **kwargs)
  File "/home/GRAMES.POLYMTL.CA/lobouz/miniconda3/envs/monai-unetr/lib/python3.8/site-packages/pytorch_lightning/strategies/launchers/subprocess_script.py", line 93, in launch
    return function(*args, **kwargs)
  File "/home/GRAMES.POLYMTL.CA/lobouz/miniconda3/envs/monai-unetr/lib/python3.8/site-packages/pytorch_lightning/trainer/trainer.py", line 811, in _fit_impl
    results = self._run(model, ckpt_path=self.ckpt_path)
  File "/home/GRAMES.POLYMTL.CA/lobouz/miniconda3/envs/monai-unetr/lib/python3.8/site-packages/pytorch_lightning/trainer/trainer.py", line 1236, in _run
    results = self._run_stage()
  File "/home/GRAMES.POLYMTL.CA/lobouz/miniconda3/envs/monai-unetr/lib/python3.8/site-packages/pytorch_lightning/trainer/trainer.py", line 1323, in _run_stage
    return self._run_train()
  File "/home/GRAMES.POLYMTL.CA/lobouz/miniconda3/envs/monai-unetr/lib/python3.8/site-packages/pytorch_lightning/trainer/trainer.py", line 1345, in _run_train
    self._run_sanity_check()
  File "/home/GRAMES.POLYMTL.CA/lobouz/miniconda3/envs/monai-unetr/lib/python3.8/site-packages/pytorch_lightning/trainer/trainer.py", line 1413, in _run_sanity_check
    val_loop.run()
  File "/home/GRAMES.POLYMTL.CA/lobouz/miniconda3/envs/monai-unetr/lib/python3.8/site-packages/pytorch_lightning/loops/base.py", line 204, in run
    self.advance(*args, **kwargs)
  File "/home/GRAMES.POLYMTL.CA/lobouz/miniconda3/envs/monai-unetr/lib/python3.8/site-packages/pytorch_lightning/loops/dataloader/evaluation_loop.py", line 154, in advance
    dl_outputs = self.epoch_loop.run(self._data_fetcher, dl_max_batches, kwargs)
  File "/home/GRAMES.POLYMTL.CA/lobouz/miniconda3/envs/monai-unetr/lib/python3.8/site-packages/pytorch_lightning/loops/base.py", line 204, in run
    self.advance(*args, **kwargs)
  File "/home/GRAMES.POLYMTL.CA/lobouz/miniconda3/envs/monai-unetr/lib/python3.8/site-packages/pytorch_lightning/loops/epoch/evaluation_epoch_loop.py", line 128, in advance
    output = self._evaluation_step(**kwargs)
  File "/home/GRAMES.POLYMTL.CA/lobouz/miniconda3/envs/monai-unetr/lib/python3.8/site-packages/pytorch_lightning/loops/epoch/evaluation_epoch_loop.py", line 226, in _evaluation_step
    output = self.trainer._call_strategy_hook("validation_step", *kwargs.values())
  File "/home/GRAMES.POLYMTL.CA/lobouz/miniconda3/envs/monai-unetr/lib/python3.8/site-packages/pytorch_lightning/trainer/trainer.py", line 1765, in _call_strategy_hook
    output = fn(*args, **kwargs)
  File "/home/GRAMES.POLYMTL.CA/lobouz/miniconda3/envs/monai-unetr/lib/python3.8/site-packages/pytorch_lightning/strategies/ddp.py", line 355, in validation_step
    return self.model(*args, **kwargs)
  File "/home/GRAMES.POLYMTL.CA/lobouz/miniconda3/envs/monai-unetr/lib/python3.8/site-packages/torch/nn/modules/module.py", line 889, in _call_impl
    result = self.forward(*input, **kwargs)
  File "/home/GRAMES.POLYMTL.CA/lobouz/miniconda3/envs/monai-unetr/lib/python3.8/site-packages/torch/nn/parallel/distributed.py", line 705, in forward
    output = self.module(*inputs[0], **kwargs[0])
  File "/home/GRAMES.POLYMTL.CA/lobouz/miniconda3/envs/monai-unetr/lib/python3.8/site-packages/torch/nn/modules/module.py", line 889, in _call_impl
    result = self.forward(*input, **kwargs)
  File "/home/GRAMES.POLYMTL.CA/lobouz/miniconda3/envs/monai-unetr/lib/python3.8/site-packages/pytorch_lightning/overrides/base.py", line 93, in forward
    return self.module.validation_step(*inputs, **kwargs)
  File "monai_main.py", line 186, in validation_step
    self.dice_metric(y_pred=post_outputs, y=post_labels)
  File "/home/GRAMES.POLYMTL.CA/lobouz/miniconda3/envs/monai-unetr/lib/python3.8/site-packages/monai/metrics/metric.py", line 329, in __call__
    ret = super().__call__(y_pred=y_pred, y=y)
  File "/home/GRAMES.POLYMTL.CA/lobouz/miniconda3/envs/monai-unetr/lib/python3.8/site-packages/monai/metrics/metric.py", line 68, in __call__
    return self._compute_list(y_pred, y)
  File "/home/GRAMES.POLYMTL.CA/lobouz/miniconda3/envs/monai-unetr/lib/python3.8/site-packages/monai/metrics/metric.py", line 90, in _compute_list
    ret = [self._compute_tensor(p.detach().unsqueeze(0), y_.detach().unsqueeze(0)) for p, y_ in zip(y_pred, y)]
  File "/home/GRAMES.POLYMTL.CA/lobouz/miniconda3/envs/monai-unetr/lib/python3.8/site-packages/monai/metrics/metric.py", line 90, in <listcomp>
    ret = [self._compute_tensor(p.detach().unsqueeze(0), y_.detach().unsqueeze(0)) for p, y_ in zip(y_pred, y)]
  File "/home/GRAMES.POLYMTL.CA/lobouz/miniconda3/envs/monai-unetr/lib/python3.8/site-packages/monai/metrics/meandice.py", line 76, in _compute_tensor
    is_binary_tensor(y_pred, "y_pred")
  File "/home/GRAMES.POLYMTL.CA/lobouz/miniconda3/envs/monai-unetr/lib/python3.8/site-packages/monai/metrics/utils.py", line 218, in is_binary_tensor
    if not torch.all(input.byte() == input) or input.max() > 1 or input.min() < 0:
  File "/home/GRAMES.POLYMTL.CA/lobouz/miniconda3/envs/monai-unetr/lib/python3.8/site-packages/monai/data/meta_tensor.py", line 249, in __torch_function__
    ret = super().__torch_function__(func, types, args, kwargs)
  File "/home/GRAMES.POLYMTL.CA/lobouz/miniconda3/envs/monai-unetr/lib/python3.8/site-packages/torch/tensor.py", line 962, in __torch_function__
    ret = func(*args, **kwargs)
RuntimeError: CUDA error: device-side assert triggered
During handling of the above exception, another exception occurred:
Traceback (most recent call last):
  File "monai_main.py", line 421, in <module>
    main(args)
  File "monai_main.py", line 310, in main
    trainer.fit(pl_model)
  File "/home/GRAMES.POLYMTL.CA/lobouz/miniconda3/envs/monai-unetr/lib/python3.8/site-packages/pytorch_lightning/trainer/trainer.py", line 770, in fit
    self._call_and_handle_interrupt(
  File "/home/GRAMES.POLYMTL.CA/lobouz/miniconda3/envs/monai-unetr/lib/python3.8/site-packages/pytorch_lightning/trainer/trainer.py", line 738, in _call_and_handle_interrupt
    self._teardown()
  File "/home/GRAMES.POLYMTL.CA/lobouz/miniconda3/envs/monai-unetr/lib/python3.8/site-packages/pytorch_lightning/trainer/trainer.py", line 1300, in _teardown
    self.strategy.teardown()
  File "/home/GRAMES.POLYMTL.CA/lobouz/miniconda3/envs/monai-unetr/lib/python3.8/site-packages/pytorch_lightning/strategies/ddp.py", line 482, in teardown
    self.lightning_module.cpu()
  File "/home/GRAMES.POLYMTL.CA/lobouz/miniconda3/envs/monai-unetr/lib/python3.8/site-packages/pytorch_lightning/core/mixins/device_dtype_mixin.py", line 147, in cpu
    return super().cpu()
  File "/home/GRAMES.POLYMTL.CA/lobouz/miniconda3/envs/monai-unetr/lib/python3.8/site-packages/torch/nn/modules/module.py", line 515, in cpu
    return self._apply(lambda t: t.cpu())
  File "/home/GRAMES.POLYMTL.CA/lobouz/miniconda3/envs/monai-unetr/lib/python3.8/site-packages/torch/nn/modules/module.py", line 387, in _apply
    module._apply(fn)
  File "/home/GRAMES.POLYMTL.CA/lobouz/miniconda3/envs/monai-unetr/lib/python3.8/site-packages/torch/nn/modules/module.py", line 387, in _apply
    module._apply(fn)
  File "/home/GRAMES.POLYMTL.CA/lobouz/miniconda3/envs/monai-unetr/lib/python3.8/site-packages/torch/nn/modules/module.py", line 387, in _apply
    module._apply(fn)
  [Previous line repeated 2 more times]
  File "/home/GRAMES.POLYMTL.CA/lobouz/miniconda3/envs/monai-unetr/lib/python3.8/site-packages/torch/nn/modules/module.py", line 409, in _apply
    param_applied = fn(param)
  File "/home/GRAMES.POLYMTL.CA/lobouz/miniconda3/envs/monai-unetr/lib/python3.8/site-packages/torch/nn/modules/module.py", line 515, in <lambda>
    return self._apply(lambda t: t.cpu())
RuntimeError: CUDA error: device-side assert triggered